
> byok-developer-app-marketplace@0.1.0 dev:stable
> ./scripts/dev-server-stable.sh

ðŸ”„ Starting robust dev server...
ðŸ§¹ Cleaning up existing processes...
ðŸ—‘ï¸  Clearing all Next.js caches...
ðŸš€ Starting fresh dev server...

> byok-developer-app-marketplace@0.1.0 dev
> next dev

   â–² Next.js 15.4.3
   - Local:        http://localhost:3000
   - Network:      http://10.0.0.38:3000
   - Environments: .env.local, .env
   - Experiments (use with caution):
     Â· optimizePackageImports

 âœ“ Starting...
 âœ“ Ready in 1273ms
 â—‹ Compiling / ...
 âœ“ Compiled / in 2.5s (904 modules)
 âš  Unsupported metadata viewport is configured in metadata export in /. Please move it to viewport export instead.
Read more: https://nextjs.org/docs/app/api-reference/functions/generate-viewport
 GET / 200 in 2875ms
 âœ“ Compiled /favicon.ico in 217ms (545 modules)
 GET /favicon.ico 200 in 325ms
 GET /favicon.ico 200 in 5ms
 HEAD / 200 in 166ms
 âš  Unsupported metadata viewport is configured in metadata export in /. Please move it to viewport export instead.
Read more: https://nextjs.org/docs/app/api-reference/functions/generate-viewport
 âœ“ Compiled /setup in 398ms (967 modules)
 HEAD /setup 200 in 553ms
 âš  Unsupported metadata viewport is configured in metadata export in /setup. Please move it to viewport export instead.
Read more: https://nextjs.org/docs/app/api-reference/functions/generate-viewport
 âš  Fast Refresh had to perform a full reload due to a runtime error.
 âš  Unsupported metadata viewport is configured in metadata export in /. Please move it to viewport export instead.
Read more: https://nextjs.org/docs/app/api-reference/functions/generate-viewport
 GET / 200 in 121ms
 âœ“ Compiled /dashboard in 235ms (980 modules)
 HEAD /dashboard 200 in 412ms
 âš  Unsupported metadata viewport is configured in metadata export in /dashboard. Please move it to viewport export instead.
Read more: https://nextjs.org/docs/app/api-reference/functions/generate-viewport
 GET /favicon.ico 200 in 11ms
 GET /favicon.ico 200 in 6ms
 âš  Unsupported metadata viewport is configured in metadata export in /. Please move it to viewport export instead.
Read more: https://nextjs.org/docs/app/api-reference/functions/generate-viewport
 GET / 200 in 102ms
 âœ“ Compiled in 277ms (994 modules)
 âš  Fast Refresh had to perform a full reload due to a runtime error.
 âš  Unsupported metadata viewport is configured in metadata export in /. Please move it to viewport export instead.
Read more: https://nextjs.org/docs/app/api-reference/functions/generate-viewport
 GET / 200 in 138ms
 GET /favicon.ico 200 in 9ms
 GET /favicon.ico 200 in 5ms
 âœ“ Compiled in 196ms (994 modules)
 âš  Fast Refresh had to perform a full reload due to a runtime error.
 âš  Unsupported metadata viewport is configured in metadata export in /. Please move it to viewport export instead.
Read more: https://nextjs.org/docs/app/api-reference/functions/generate-viewport
 GET / 200 in 136ms
 GET /favicon.ico 200 in 8ms
 GET /favicon.ico 200 in 7ms
 âœ“ Compiled in 227ms (950 modules)
 âš  Fast Refresh had to perform a full reload due to a runtime error.
 âš  Unsupported metadata viewport is configured in metadata export in /. Please move it to viewport export instead.
Read more: https://nextjs.org/docs/app/api-reference/functions/generate-viewport
 GET / 200 in 139ms
 GET /favicon.ico 200 in 10ms
 GET /favicon.ico 200 in 6ms
 âš  Unsupported metadata viewport is configured in metadata export in /. Please move it to viewport export instead.
Read more: https://nextjs.org/docs/app/api-reference/functions/generate-viewport
 GET / 200 in 69ms
 âœ“ Compiled in 466ms (949 modules)
 âš  Fast Refresh had to perform a full reload due to a runtime error.
 â¨¯ Error: useAuth must be used within an AuthProvider
    at useAuth (src/lib/auth/auth-context.tsx:136:10)
    at Navigation (src/components/layouts/navigation.tsx:23:43)
  134 |   const context = useContext(AuthContext);
  135 |   if (context === undefined) {
> 136 |     throw new Error('useAuth must be used within an AuthProvider');
      |          ^
  137 |   }
  138 |   return context;
  139 | } {
  digest: '2659680058'
}
 GET / 500 in 127ms
 GET /favicon.ico 200 in 7ms
 â¨¯ Error: useAuth must be used within an AuthProvider
    at useAuth (src/lib/auth/auth-context.tsx:136:10)
    at Navigation (src/components/layouts/navigation.tsx:23:43)
  134 |   const context = useContext(AuthContext);
  135 |   if (context === undefined) {
> 136 |     throw new Error('useAuth must be used within an AuthProvider');
      |          ^
  137 |   }
  138 |   return context;
  139 | } {
  digest: '2659680058'
}
 GET / 500 in 49ms
 â¨¯ Error: useAuth must be used within an AuthProvider
    at useAuth (src/lib/auth/auth-context.tsx:136:10)
    at Navigation (src/components/layouts/navigation.tsx:23:43)
  134 |   const context = useContext(AuthContext);
  135 |   if (context === undefined) {
> 136 |     throw new Error('useAuth must be used within an AuthProvider');
      |          ^
  137 |   }
  138 |   return context;
  139 | } {
  digest: '2659680058'
}
 HEAD / 500 in 51ms
 â¨¯ ./src/components/layouts/main-layout.tsx
Error:   [31mx[0m Unexpected token. Did you mean `{'}'}` or `&rbrace;`?
    ,-[[36;1;4m/Users/justinperea/Documents/Projects/ai-app-marketplace/marketplace-platform/src/components/layouts/main-layout.tsx[0m:82:1]
 [2m79[0m |       </footer>
 [2m80[0m |     </div>
 [2m81[0m |   );
 [2m82[0m | }
    : [35;1m^[0m
    `----
  [31mx[0m Unexpected eof
    ,-[[36;1;4m/Users/justinperea/Documents/Projects/ai-app-marketplace/marketplace-platform/src/components/layouts/main-layout.tsx[0m:82:1]
 [2m79[0m |       </footer>
 [2m80[0m |     </div>
 [2m81[0m |   );
 [2m82[0m | }
    `----

Caused by:
    Syntax Error

Import trace for requested module:
./src/components/layouts/main-layout.tsx
./src/app/setup/page.tsx
 âš  Fast Refresh had to perform a full reload due to a runtime error.
 âš  Fast Refresh had to perform a full reload due to a runtime error.
 âœ“ Compiled in 306ms (919 modules)
 GET / 200 in 107ms
 GET / 200 in 72ms
 âœ“ Compiled /favicon.ico in 102ms (545 modules)
 GET /favicon.ico 200 in 167ms
 GET /favicon.ico 200 in 4ms
 HEAD / 200 in 138ms
 GET / 200 in 77ms
 âœ“ Compiled in 156ms (405 modules)
 âš  Fast Refresh had to perform a full reload due to a runtime error.
 GET / 200 in 99ms
 GET /favicon.ico 200 in 6ms
 GET /favicon.ico 200 in 5ms
 â¨¯ ./src/components/layouts/main-layout.tsx
Error:   [31mx[0m Expected corresponding JSX closing tag for <ClientProviders>
    ,-[[36;1;4m/Users/justinperea/Documents/Projects/ai-app-marketplace/marketplace-platform/src/components/layouts/main-layout.tsx[0m:81:1]
 [2m78[0m |         </div>
 [2m79[0m |       </footer>
 [2m80[0m |     </div>
 [2m81[0m |     </AuthProvider>
    : [35;1m      ^^^^^^^^^^^^[0m
 [2m82[0m |   );
 [2m83[0m | }
    `----

Caused by:
    Syntax Error

Import trace for requested module:
./src/components/layouts/main-layout.tsx
./src/app/setup/page.tsx
 âœ“ Compiled in 318ms (952 modules)
 âš  Fast Refresh had to perform a full reload due to a runtime error.
 GET / 200 in 245ms
 GET /favicon.ico 200 in 13ms
 GET /favicon.ico 200 in 5ms
 GET / 200 in 64ms
 âœ“ Compiled in 178ms (952 modules)
 âš  Fast Refresh had to perform a full reload due to a runtime error.
 GET / 200 in 154ms
 GET /favicon.ico 200 in 9ms
 GET /favicon.ico 200 in 6ms
 GET / 200 in 57ms
 â¨¯ ./src/components/layouts/main-layout.tsx
Error:   [31mx[0m Unterminated regexp literal
    ,-[[36;1;4m/Users/justinperea/Documents/Projects/ai-app-marketplace/marketplace-platform/src/components/layouts/main-layout.tsx[0m:79:1]
 [2m76[0m |         </div>
 [2m77[0m |       </footer>
 [2m78[0m |     </div>
 [2m79[0m |     </ClientProviders>
    : [35;1m     ^^^^^^^^^^^^^^^^^[0m
 [2m80[0m |   );
 [2m81[0m | }
    `----

Caused by:
    Syntax Error

Import trace for requested module:
./src/components/layouts/main-layout.tsx
./src/app/setup/page.tsx
 âœ“ Compiled in 217ms (949 modules)
 âš  Fast Refresh had to perform a full reload due to a runtime error.
useAuth used outside of AuthProvider, using fallback
 GET / 200 in 215ms
 GET /favicon.ico 200 in 13ms
 GET /favicon.ico 200 in 4ms
useAuth used outside of AuthProvider, using fallback
 GET / 200 in 79ms
useAuth used outside of AuthProvider, using fallback
 GET / 200 in 54ms
 âœ“ Compiled /setup in 245ms (556 modules)
useAuth used outside of AuthProvider, using fallback
 GET /setup 200 in 434ms
 âœ“ Compiled /_not-found in 280ms (952 modules)
 GET /auth/profile 404 in 361ms
 GET /auth/profile 404 in 26ms
 âœ“ Compiled /developers in 170ms (962 modules)
useAuth used outside of AuthProvider, using fallback
 GET /developers 200 in 358ms
 âœ“ Compiled /developers/submit in 224ms (985 modules)
useAuth used outside of AuthProvider, using fallback
 GET /developers/submit 200 in 344ms
 GET /auth/profile 404 in 20ms
 GET /auth/profile 404 in 29ms
 GET /auth/profile 404 in 19ms
 âœ“ Compiled /dashboard in 114ms (595 modules)
 GET /dashboard 200 in 229ms
 âœ“ Compiled /marketplace in 250ms (1035 modules)
useAuth used outside of AuthProvider, using fallback
 GET /marketplace 200 in 424ms
 GET /auth/profile 404 in 16ms
 GET /auth/profile 404 in 31ms
 â¨¯ ./src/app/api/v1/apps/register/route.ts:10:1
Module not found: Can't resolve 'next-auth'
   8 | import { NextRequest, NextResponse } from 'next/server';
   9 | import { PrismaClient, SdkTier } from '@prisma/client';
> 10 | import { getServerSession } from 'next-auth';
     | ^
  11 | import { SdkApiKeyManager, TIER_LIMITS } from '@/lib/sdk/auth';
  12 | import { z } from 'zod';
  13 |

https://nextjs.org/docs/messages/module-not-found
 â—‹ Compiling /api/v1/apps/[appId] ...
 â¨¯ ./src/app/api/v1/apps/[appId]/route.ts:11:1
Module not found: Can't resolve 'next-auth'
   9 | import { NextRequest, NextResponse } from 'next/server';
  10 | import { PrismaClient, SdkAppStatus } from '@prisma/client';
> 11 | import { getServerSession } from 'next-auth';
     | ^
  12 | import { z } from 'zod';
  13 |
  14 | const prisma = new PrismaClient();

https://nextjs.org/docs/messages/module-not-found
 â¨¯ ./src/app/api/v1/apps/[appId]/route.ts:11:1
Module not found: Can't resolve 'next-auth'
   9 | import { NextRequest, NextResponse } from 'next/server';
  10 | import { PrismaClient, SdkAppStatus } from '@prisma/client';
> 11 | import { getServerSession } from 'next-auth';
     | ^
  12 | import { z } from 'zod';
  13 |
  14 | const prisma = new PrismaClient();

https://nextjs.org/docs/messages/module-not-found
 â¨¯ ./src/app/api/v1/apps/[appId]/route.ts:11:1
Module not found: Can't resolve 'next-auth'
   9 | import { NextRequest, NextResponse } from 'next/server';
  10 | import { PrismaClient, SdkAppStatus } from '@prisma/client';
> 11 | import { getServerSession } from 'next-auth';
     | ^
  12 | import { z } from 'zod';
  13 |
  14 | const prisma = new PrismaClient();

https://nextjs.org/docs/messages/module-not-found
 POST /api/v1/apps/register 500 in 2923ms
 GET /marketplace 500 in 840ms
 GET /marketplace 500 in 8ms
 GET /marketplace 500 in 8ms
 â¨¯ ./src/app/api/v1/apps/[appId]/route.ts:11:1
Module not found: Can't resolve 'next-auth'
   9 | import { NextRequest, NextResponse } from 'next/server';
  10 | import { PrismaClient, SdkAppStatus } from '@prisma/client';
> 11 | import { getServerSession } from 'next-auth';
     | ^
  12 | import { z } from 'zod';
  13 |
  14 | const prisma = new PrismaClient();

https://nextjs.org/docs/messages/module-not-found
 GET /_next/static/webpack/4395c5dc8d36db19.webpack.hot-update.json 500 in 631ms
 âš  Fast Refresh had to perform a full reload due to a runtime error.
 â¨¯ ./src/app/api/v1/apps/[appId]/route.ts:11:1
Module not found: Can't resolve 'next-auth'
   9 | import { NextRequest, NextResponse } from 'next/server';
  10 | import { PrismaClient, SdkAppStatus } from '@prisma/client';
> 11 | import { getServerSession } from 'next-auth';
     | ^
  12 | import { z } from 'zod';
  13 |
  14 | const prisma = new PrismaClient();

https://nextjs.org/docs/messages/module-not-found
 HEAD /api/keys/validate 500 in 1774ms
 GET /marketplace 500 in 1104ms
 â¨¯ ./src/app/api/v1/apps/[appId]/route.ts:11:1
Module not found: Can't resolve 'next-auth'
   9 | import { NextRequest, NextResponse } from 'next/server';
  10 | import { PrismaClient, SdkAppStatus } from '@prisma/client';
> 11 | import { getServerSession } from 'next-auth';
     | ^
  12 | import { z } from 'zod';
  13 |
  14 | const prisma = new PrismaClient();

https://nextjs.org/docs/messages/module-not-found
 GET /_next/static/webpack/4395c5dc8d36db19.webpack.hot-update.json 500 in 408ms
 âš  Fast Refresh had to perform a full reload due to a runtime error.
 GET /marketplace 500 in 7ms
 GET /marketplace 500 in 11ms
 GET /setup 500 in 11ms
 GET /dashboard 500 in 8ms
 GET /developers/submit 500 in 7ms
 âœ“ Compiled /favicon.ico in 362ms (580 modules)
 GET /marketplace 500 in 8ms
 âœ“ Compiled in 169ms (580 modules)
 GET /marketplace 500 in 7ms
 â—‹ Compiling /_not-found ...
 âœ“ Compiled /_not-found in 842ms (1373 modules)
 âš  Fast Refresh had to perform a full reload due to a runtime error.
 GET /_next/static/webpack/4395c5dc8d36db19.webpack.hot-update.json 404 in 905ms
useAuth used outside of AuthProvider, using fallback
useAuth used outside of AuthProvider, using fallback
 GET /marketplace 200 in 78ms
 GET /auth/profile 404 in 14ms
 â—‹ Compiling /api/v1/apps/register ...
 âœ“ Compiled /api/v1/apps/register in 742ms (1204 modules)
 GET /api/v1/apps/register 405 in 908ms
 GET /auth/profile 404 in 95ms
 GET /auth/profile 404 in 36ms
 GET /auth/profile 404 in 32ms
 âœ“ Compiled in 235ms (580 modules)
 GET /marketplace 200 in 47ms
 âœ“ Compiled in 180ms (580 modules)
 GET /marketplace 200 in 12ms
 âœ“ Compiled in 221ms (580 modules)
 GET /marketplace 200 in 14ms
 âœ“ Compiled /_not-found in 257ms (1359 modules)
 GET /auth/profile 404 in 408ms
 âœ“ Compiled /api/v1/apps/register in 116ms (1204 modules)
 POST /api/v1/apps/register 401 in 252ms
 âœ“ Compiled /api/developers/apps in 477ms (1780 modules)
Auth0 missing configuration: AUTH0_CLIENT_ID, AUTH0_CLIENT_SECRET
Using demo user for development
 GET /api/developers/apps 200 in 600ms
